2024-03-10 12:07:19,900 INFO o.a.j.u.JMeterUtils: Setting Locale to en_EN
2024-03-10 12:07:19,918 INFO o.a.j.JMeter: Loading user properties from: /opt/jmeter/bin/user.properties
2024-03-10 12:07:19,919 INFO o.a.j.JMeter: Loading system properties from: /opt/jmeter/bin/system.properties
2024-03-10 12:07:19,924 INFO o.a.j.JMeter: Copyright (c) 1998-2023 The Apache Software Foundation
2024-03-10 12:07:19,924 INFO o.a.j.JMeter: Version 5.6.2
2024-03-10 12:07:19,924 INFO o.a.j.JMeter: java.version=17.0.9
2024-03-10 12:07:19,925 INFO o.a.j.JMeter: java.vm.name=OpenJDK 64-Bit Server VM
2024-03-10 12:07:19,925 INFO o.a.j.JMeter: os.name=Linux
2024-03-10 12:07:19,925 INFO o.a.j.JMeter: os.arch=amd64
2024-03-10 12:07:19,925 INFO o.a.j.JMeter: os.version=5.15.146-1-MANJARO
2024-03-10 12:07:19,925 INFO o.a.j.JMeter: file.encoding=UTF-8
2024-03-10 12:07:19,925 INFO o.a.j.JMeter: java.awt.headless=true
2024-03-10 12:07:19,925 INFO o.a.j.JMeter: Max memory     =1073741824
2024-03-10 12:07:19,925 INFO o.a.j.JMeter: Available Processors =16
2024-03-10 12:07:19,934 INFO o.a.j.JMeter: Default Locale=English (EN)
2024-03-10 12:07:19,934 INFO o.a.j.JMeter: JMeter  Locale=English (EN)
2024-03-10 12:07:19,934 INFO o.a.j.JMeter: JMeterHome=/opt/jmeter
2024-03-10 12:07:19,935 INFO o.a.j.JMeter: user.dir  =/home/oskars/TimeFlow-Remastered
2024-03-10 12:07:19,935 INFO o.a.j.JMeter: PWD       =/home/oskars/TimeFlow-Remastered
2024-03-10 12:07:19,935 INFO o.a.j.JMeter: IP: 127.0.1.1 Name: OskarsLinux FullName: OskarsLinux

